app/build/outputs/logs/manifest-merger-debug-report.txt
-- Merging decision tree log ---
manifest
ADDED from src/main/AndroidManifest.xml:2:1-39:12
INJECTED from src/main/AndroidManifest.xml:2:1-39:12
INJECTED from src/main/AndroidManifest.xml:2:1-39:12
INJECTED from src/main/AndroidManifest.xml:2:1-39:12
INJECTED from src/main/AndroidManifest.xml:2:1-39:12
INJECTED from src/main/AndroidManifest.xml:2:1-39:12
INJECTED from src/main/AndroidManifest.xml:2:1-39:12
	package
		ADDED from src/main/AndroidManifest.xml:3:11-37
		INJECTED from src/main/AndroidManifest.xml
		INJECTED from src/main/AndroidManifest.xml
	android:versionName
		ADDED from src/main/AndroidManifest.xml:5:11-36
		INJECTED from src/main/AndroidManifest.xml
		INJECTED from src/main/AndroidManifest.xml
	xmlns:android
		ADDED from src/main/AndroidManifest.xml:2:11-69
	android:versionCode
		ADDED from src/main/AndroidManifest.xml:4:11-34
		INJECTED from src/main/AndroidManifest.xml
		INJECTED from src/main/AndroidManifest.xml
uses-sdk
ADDED from src/main/AndroidManifest.xml:7:6-9:40
INJECTED from src/main/AndroidManifest.xml:7:6-9:40
INJECTED from src/main/AndroidManifest.xml:7:6-9:40
INJECTED from src/main/AndroidManifest.xml:7:6-9:40
INJECTED from src/main/AndroidManifest.xml:7:6-9:40
	android:maxSdkVersion
		ADDED from src/main/AndroidManifest.xml:9:11-37
	android:targetSdkVersion
		ADDED from src/main/AndroidManifest.xml:8:11-40
		INJECTED from src/main/AndroidManifest.xml
		INJECTED from src/main/AndroidManifest.xml
	android:minSdkVersion
		ADDED from src/main/AndroidManifest.xml:7:16-42
		INJECTED from src/main/AndroidManifest.xml
		INJECTED from src/main/AndroidManifest.xml
uses-permission#android.permission.INTERNET
ADDED from src/main/AndroidManifest.xml:11:5-67
	android:name
		ADDED from src/main/AndroidManifest.xml:11:22-64
uses-permission#android.permission.WRITE_EXTERNAL_STORAGE
ADDED from src/main/AndroidManifest.xml:12:5-80
	android:name
		ADDED from src/main/AndroidManifest.xml:12:22-78
application
ADDED from src/main/AndroidManifest.xml:14:5-38:19
	android:label
		ADDED from src/main/AndroidManifest.xml:15:18-50
	android:hardwareAccelerated
		ADDED from src/main/AndroidManifest.xml:16:18-52
	android:theme
		ADDED from src/main/AndroidManifest.xml:17:18-60
	android:name
		ADDED from src/main/AndroidManifest.xml:14:18-46
activity#edu.upc.whatsapp.a_WelcomeActivity
ADDED from src/main/AndroidManifest.xml:19:9-25:20
	android:label
		ADDED from src/main/AndroidManifest.xml:20:19-51
	android:name
		ADDED from src/main/AndroidManifest.xml:19:19-51
intent-filter#android.intent.action.MAIN+android.intent.category.LAUNCHER
ADDED from src/main/AndroidManifest.xml:21:13-24:29
action#android.intent.action.MAIN
ADDED from src/main/AndroidManifest.xml:22:17-69
	android:name
		ADDED from src/main/AndroidManifest.xml:22:25-66
category#android.intent.category.LAUNCHER
ADDED from src/main/AndroidManifest.xml:23:17-77
	android:name
		ADDED from src/main/AndroidManifest.xml:23:27-74
activity#edu.upc.whatsapp.b_LoginActivity
ADDED from src/main/AndroidManifest.xml:27:9-30:20
	android:label
		ADDED from src/main/AndroidManifest.xml:29:19-45
	android:theme
		ADDED from src/main/AndroidManifest.xml:28:19-62
	android:name
		ADDED from src/main/AndroidManifest.xml:27:19-49
activity#edu.upc.whatsapp.c_RegistrationActivity
ADDED from src/main/AndroidManifest.xml:31:9-97
	android:label
		ADDED from src/main/AndroidManifest.xml:31:57-85
	android:name
		ADDED from src/main/AndroidManifest.xml:31:19-56
activity#edu.upc.whatsapp.d_UsersListActivity
ADDED from src/main/AndroidManifest.xml:32:9-92
	android:label
		ADDED from src/main/AndroidManifest.xml:32:54-80
	android:name
		ADDED from src/main/AndroidManifest.xml:32:19-53
activity#edu.upc.whatsapp.e_MessagesActivity
ADDED from src/main/AndroidManifest.xml:33:9-36:20
	android:label
		ADDED from src/main/AndroidManifest.xml:34:19-43
	android:windowSoftInputMode
		ADDED from src/main/AndroidManifest.xml:35:19-60
	android:name
		ADDED from src/main/AndroidManifest.xml:33:19-52